2022-12-28 [00:29:21] [Server thread/INFO]: Loading pocketmine.yml...
2022-12-28 [00:29:21] [Server thread/INFO]: Loading server properties...
2022-12-28 [00:29:21] [Server thread/INFO]: Selected English (eng) as the base language
2022-12-28 [00:29:21] [Server thread/INFO]: Starting Minecraft: PE server version v0.11.0 alpha
2022-12-28 [00:29:21] [Server thread/INFO]: Opening server on 0.0.0.0:19132
2022-12-28 [00:29:21] [Server thread/INFO]: This server is running PopaCore version 1.0 "Puki (プッキー) Kaki (カーキ) " (API 1.12.0)
2022-12-28 [00:29:21] [Server thread/INFO]: PopaCore is distributed under the LGPL License
2022-12-28 [00:29:22] [Server thread/NOTICE]: Level "world" not found
2022-12-28 [00:29:22] [Server thread/INFO]: Preparing level "world"
2022-12-28 [00:29:22] [Server thread/NOTICE]: Spawn terrain for level "world" is being generated in the background
2022-12-28 [00:29:22] [Server thread/INFO]: Starting GS4 status listener
2022-12-28 [00:29:22] [Server thread/INFO]: Setting query port to 19132
2022-12-28 [00:29:22] [Server thread/INFO]: Query running on 0.0.0.0:19132
2022-12-28 [00:29:22] [Server thread/INFO]: Default game type: Survival Mode
2022-12-28 [00:29:22] [Server thread/INFO]: Done (6.953s)! For help, type "help" or "?"
2022-12-28 [00:29:32] [Server thread/INFO]: [CONSOLE: Stopping the server]
2022-12-28 [00:29:32] [Server thread/INFO]: Unloading level "world"
2022-12-28 [00:29:37] [Server thread/INFO]: Stopping other threads
2022-12-28 [08:00:27] [Server thread/INFO]: Loading pocketmine.yml...
2022-12-28 [08:00:27] [Server thread/INFO]: Loading server properties...
2022-12-28 [08:00:27] [Server thread/INFO]: Selected English (eng) as the base language
2022-12-28 [08:00:27] [Server thread/INFO]: Starting Minecraft: PE server version v0.11.0 alpha
2022-12-28 [08:00:27] [Server thread/INFO]: Opening server on 0.0.0.0:19132
2022-12-28 [08:00:27] [Server thread/INFO]: This server is running PopaCore version 1.0 "Puki (プッキー) Kaki (カーキ) " (API 1.12.0)
2022-12-28 [08:00:27] [Server thread/INFO]: PopaCore is distributed under the LGPL License
2022-12-28 [08:00:29] [Server thread/NOTICE]: Level "world" not found
2022-12-28 [08:00:29] [Server thread/INFO]: Preparing level "world"
2022-12-28 [08:00:29] [Server thread/NOTICE]: Spawn terrain for level "world" is being generated in the background
2022-12-28 [08:00:29] [Server thread/INFO]: Starting GS4 status listener
2022-12-28 [08:00:29] [Server thread/INFO]: Setting query port to 19132
2022-12-28 [08:00:29] [Server thread/INFO]: Query running on 0.0.0.0:19132
2022-12-28 [08:00:29] [Server thread/INFO]: Default game type: Survival Mode
2022-12-28 [08:00:29] [Server thread/INFO]: Done (2s)! For help, type "help" or "?"
2022-12-28 [08:00:36] [Server thread/INFO]: [CONSOLE: Stopping the server]
2022-12-28 [08:00:36] [Server thread/INFO]: Unloading level "world"
